<?xml version="1.0" encoding="UTF-8"?>
<testsuite xmlns:xsi="http://www.w3.org/2001/XMLSchema-instance" xsi:noNamespaceSchemaLocation="https://maven.apache.org/surefire/maven-surefire-plugin/xsd/surefire-test-report.xsd" name="com.bbs.dormitory.AppTest" time="0.075" tests="1" errors="0" skipped="0" failures="0">
  <properties>
    <property name="sun.desktop" value="windows"/>
    <property name="awt.toolkit" value="sun.awt.windows.WToolkit"/>
    <property name="file.encoding.pkg" value="sun.io"/>
    <property name="java.specification.version" value="1.8"/>
    <property name="sun.cpu.isalist" value="amd64"/>
    <property name="sun.jnu.encoding" value="GBK"/>
    <property name="java.class.path" value="F:\ideaProject\domitory_fiveB_parent\domitory_bbs_pojo\target\test-classes;F:\ideaProject\domitory_fiveB_parent\domitory_bbs_pojo\target\classes;D:\maven\maven_lib\junit\junit\4.11\junit-4.11.jar;D:\maven\maven_lib\javax\servlet\jsp\jstl\jstl\1.2\jstl-1.2.jar;D:\maven\maven_lib\org\json\json\20160212\json-20160212.jar;D:\maven\maven_lib\javax\xml\jaxrpc-api\1.1\jaxrpc-api-1.1.jar;D:\maven\maven_lib\com\hynnet\oracle-driver-ojdbc6\12.1.0.1\oracle-driver-ojdbc6-12.1.0.1.jar;D:\maven\maven_lib\com\baidu\ueditor\ueditor\1.1.3\ueditor-1.1.3.jar;D:\maven\maven_lib\aopalliance\aopalliance\1.0\aopalliance-1.0.jar;D:\maven\maven_lib\axis\axis\1.0\axis-1.0.jar;D:\maven\maven_lib\c3p0\c3p0\0.9.1.2\c3p0-0.9.1.2.jar;D:\maven\maven_lib\commons-beanutils\commons-beanutils\1.8.3\commons-beanutils-1.8.3.jar;D:\maven\maven_lib\commons-beanutils\commons-beanutils-core\1.8.3\commons-beanutils-core-1.8.3.jar;D:\maven\maven_lib\commons-codec\commons-codec\1.9\commons-codec-1.9.jar;D:\maven\maven_lib\commons-collections\commons-collections\3.2.1\commons-collections-3.2.1.jar;D:\maven\maven_lib\commons-configuration\commons-configuration\1.6\commons-configuration-1.6.jar;D:\maven\maven_lib\commons-digester\commons-digester\1.8\commons-digester-1.8.jar;D:\maven\maven_lib\commons-fileupload\commons-fileupload\1.3.1\commons-fileupload-1.3.1.jar;D:\maven\maven_lib\commons-io\commons-io\2.4\commons-io-2.4.jar;D:\maven\maven_lib\commons-lang\commons-lang\2.4\commons-lang-2.4.jar;D:\maven\maven_lib\commons-logging\commons-logging\1.1.1\commons-logging-1.1.1.jar;D:\maven\maven_lib\commons-pool\commons-pool\1.5.7\commons-pool-1.5.7.jar;D:\maven\maven_lib\dom4j\dom4j\1.6.1\dom4j-1.6.1.jar;D:\maven\maven_lib\net\sf\ezmorph\ezmorph\1.0.6\ezmorph-1.0.6.jar;D:\maven\maven_lib\org\apache\httpcomponents\httpclient\4.5.1\httpclient-4.5.1.jar;D:\maven\maven_lib\org\apache\httpcomponents\httpcore\4.4.6\httpcore-4.4.6.jar;D:\maven\maven_lib\com\ibatis\ibatis2-common\2.1.7.597\ibatis2-common-2.1.7.597.jar;D:\maven\maven_lib\jaxen\jaxen\1.1.4\jaxen-1.1.4.jar;D:\maven\maven_lib\jdom\jdom\1.0\jdom-1.0.jar;D:\maven\maven_lib\org\mybatis\mybatis\3.0.4\mybatis-3.0.4.jar;D:\maven\maven_lib\nekohtml\nekohtml\1.9.6.2\nekohtml-1.9.6.2.jar;D:\maven\maven_lib\com\belerweb\pinyin4j\2.5.0\pinyin4j-2.5.0.jar;D:\maven\maven_lib\javax\servlet\servlet-api\2.5\servlet-api-2.5.jar;D:\maven\maven_lib\org\slf4j\slf4j-api\1.7.5\slf4j-api-1.7.5.jar;D:\maven\maven_lib\org\slf4j\slf4j-log4j12\1.6.1\slf4j-log4j12-1.6.1.jar;D:\maven\maven_lib\org\springframework\spring-aop\4.3.0.RELEASE\spring-aop-4.3.0.RELEASE.jar;D:\maven\maven_lib\org\springframework\spring-beans\4.3.0.RELEASE\spring-beans-4.3.0.RELEASE.jar;D:\maven\maven_lib\org\springframework\spring-context\4.3.0.RELEASE\spring-context-4.3.0.RELEASE.jar;D:\maven\maven_lib\org\springframework\spring-core\4.3.0.RELEASE\spring-core-4.3.0.RELEASE.jar;D:\maven\maven_lib\org\springframework\spring-expression\4.3.0.RELEASE\spring-expression-4.3.0.RELEASE.jar;D:\maven\maven_lib\org\springframework\spring-web\4.3.0.RELEASE\spring-web-4.3.0.RELEASE.jar;D:\maven\maven_lib\org\springframework\spring-webmvc\4.3.0.RELEASE\spring-webmvc-4.3.0.RELEASE.jar;D:\maven\maven_lib\org\apache\velocity\velocity\1.7\velocity-1.7.jar;D:\maven\maven_lib\org\apache\velocity\velocity-tools\2.0\velocity-tools-2.0.jar;D:\maven\maven_lib\commons-chain\commons-chain\1.1\commons-chain-1.1.jar;D:\maven\maven_lib\commons-validator\commons-validator\1.3.1\commons-validator-1.3.1.jar;D:\maven\maven_lib\oro\oro\2.0.8\oro-2.0.8.jar;D:\maven\maven_lib\sslext\sslext\1.2-0\sslext-1.2-0.jar;D:\maven\maven_lib\org\apache\struts\struts-core\1.3.8\struts-core-1.3.8.jar;D:\maven\maven_lib\antlr\antlr\2.7.2\antlr-2.7.2.jar;D:\maven\maven_lib\org\apache\struts\struts-taglib\1.3.8\struts-taglib-1.3.8.jar;D:\maven\maven_lib\org\apache\struts\struts-tiles\1.3.8\struts-tiles-1.3.8.jar;D:\maven\maven_lib\xerces\xercesImpl\2.8.1\xercesImpl-2.8.1.jar;D:\maven\maven_lib\com\googlecode\xmemcached\xmemcached\2.0.0\xmemcached-2.0.0.jar;D:\maven\maven_lib\log4j\log4j\1.2.16\log4j-1.2.16.jar;D:\maven\maven_lib\commons-dbcp\commons-dbcp\1.4\commons-dbcp-1.4.jar;D:\maven\maven_lib\org\jpxx\sense\1.0.2\sense-1.0.2.jar;D:\maven\maven_lib\com\ucmed\service\invoker\com.ucmed.service.invoker\1.0.01\com.ucmed.service.invoker-1.0.01.jar;D:\maven\maven_lib\org\jpxx\commons\commons-session\1.0.0\commons-session-1.0.0.jar;D:\maven\maven_lib\org\jpxx\commons\commons-cache\1.0.0.20110619\commons-cache-1.0.0.20110619-20110619.jar;D:\maven\maven_lib\org\slf4j\slf4j-simple\1.6.1\slf4j-simple-1.6.1.jar;D:\maven\maven_lib\com\ucmed\api\logger\com.ucmed.api.logger\1.1\com.ucmed.api.logger-1.1-release.jar;D:\maven\maven_lib\com\ucmed\alias\api\validator\com.ucmed.alias.api.validator\2.1.5\com.ucmed.alias.api.validator-2.1.5.jar;D:\maven\maven_lib\org\jpxx\spc-test\1.0.2\spc-test-1.0.2.jar;D:\maven\maven_lib\org\mybatis\mybatis-spring\1.0.0\mybatis-spring-1.0.0.jar;D:\maven\maven_lib\mysql\mysql-connector-java\5.1.25\mysql-connector-java-5.1.25.jar;D:\maven\maven_lib\org\springframework\spring-context-support\4.3.0.RELEASE\spring-context-support-4.3.0.RELEASE.jar;D:\maven\maven_lib\org\springframework\spring-jdbc\4.3.0.RELEASE\spring-jdbc-4.3.0.RELEASE.jar;D:\maven\maven_lib\org\springframework\spring-tx\4.3.0.RELEASE\spring-tx-4.3.0.RELEASE.jar;D:\maven\maven_lib\org\springframework\spring-orm\4.3.0.RELEASE\spring-orm-4.3.0.RELEASE.jar;D:\maven\maven_lib\com\ucmed\hospital\hospital-common-interface-1.0.0\1.0.0\hospital-common-interface-1.0.0-1.0.0.jar;D:\maven\maven_lib\com\ucmed\sms-client\1.0.0\sms-client-1.0.0.jar;D:\maven\maven_lib\org\scala-lang\scala-library\2.11.7\scala-library-2.11.7.jar;D:\maven\maven_lib\net\sf\json-lib\json-lib\2.4\json-lib-2.4-jdk15.jar;D:\maven\maven_lib\com\ucmed\adapter\xml-parser\1.3.2\xml-parser-1.3.2.jar;D:\maven\maven_lib\org\mongodb\mongo-java-driver\2.9.3\mongo-java-driver-2.9.3.jar;D:\maven\maven_lib\com\ucmed\redirect\com.ucmed.redirect\1.0.2\com.ucmed.redirect-1.0.2.jar;D:\maven\maven_lib\cn\ucmed\transfer\1.0.8\transfer-1.0.8.jar;D:\maven\maven_lib\cn\ucmed\rubik-common\1.1.14\rubik-common-1.1.14.jar;D:\maven\maven_lib\ma\glasnost\orika\orika-core\1.4.6\orika-core-1.4.6.jar;D:\maven\maven_lib\org\javassist\javassist\3.19.0-GA\javassist-3.19.0-GA.jar;D:\maven\maven_lib\com\thoughtworks\paranamer\paranamer\2.7\paranamer-2.7.jar;D:\maven\maven_lib\com\googlecode\concurrentlinkedhashmap\concurrentlinkedhashmap-lru\1.2_jdk5\concurrentlinkedhashmap-lru-1.2_jdk5.jar;D:\maven\maven_lib\com\carrotsearch\java-sizeof\0.0.4\java-sizeof-0.0.4.jar;D:\maven\maven_lib\tk\mybatis\mapper\3.3.8\mapper-3.3.8.jar;D:\maven\maven_lib\org\apache\shiro\shiro-core\1.2.2\shiro-core-1.2.2.jar;D:\maven\maven_lib\org\springframework\data\spring-data-jpa\1.9.4.RELEASE\spring-data-jpa-1.9.4.RELEASE.jar;D:\maven\maven_lib\org\springframework\data\spring-data-commons\1.11.4.RELEASE\spring-data-commons-1.11.4.RELEASE.jar;D:\maven\maven_lib\org\slf4j\jcl-over-slf4j\1.7.13\jcl-over-slf4j-1.7.13.jar;D:\maven\maven_lib\com\github\pagehelper\pagehelper\4.1.3\pagehelper-4.1.3.jar;D:\maven\maven_lib\com\github\jsqlparser\jsqlparser\0.9.4\jsqlparser-0.9.4.jar;D:\maven\maven_lib\cn\ucmed\webservice\1.1.6\webservice-1.1.6.jar;D:\maven\maven_lib\org\apache\zookeeper\zookeeper\3.4.8\zookeeper-3.4.8.jar;D:\maven\maven_lib\jline\jline\0.9.94\jline-0.9.94.jar;D:\maven\maven_lib\io\netty\netty\3.7.0.Final\netty-3.7.0.Final.jar;D:\maven\maven_lib\com\github\sgroschupf\zkclient\0.1\zkclient-0.1.jar;D:\maven\maven_lib\cn\ucmed\general-transfer\1.0.1\general-transfer-1.0.1.jar;D:\maven\maven_lib\javax\persistence\persistence-api\1.0\persistence-api-1.0.jar;D:\maven\maven_lib\com\fasterxml\classmate\1.2.0\classmate-1.2.0.jar;D:\maven\maven_lib\com\google\guava\guava\20.0-hal\guava-20.0-hal.jar;D:\maven\maven_lib\com\fasterxml\jackson\core\jackson-annotations\2.8.4\jackson-annotations-2.8.4.jar;D:\maven\maven_lib\com\fasterxml\jackson\core\jackson-core\2.5.3\jackson-core-2.5.3.jar;D:\maven\maven_lib\com\fasterxml\jackson\core\jackson-databind\2.5.3\jackson-databind-2.5.3.jar;D:\maven\maven_lib\org\mapstruct\mapstruct\1.0.0.CR1\mapstruct-1.0.0.CR1.jar;D:\maven\maven_lib\io\springfox\springfox-core\2.5.0\springfox-core-2.5.0.jar;D:\maven\maven_lib\io\springfox\springfox-schema\2.5.0\springfox-schema-2.5.0.jar;D:\maven\maven_lib\io\springfox\springfox-spi\2.5.0\springfox-spi-2.5.0.jar;D:\maven\maven_lib\io\springfox\springfox-spring-web\2.5.0\springfox-spring-web-2.5.0.jar;D:\maven\maven_lib\io\springfox\springfox-swagger2\2.5.0\springfox-swagger2-2.5.0.jar;D:\maven\maven_lib\io\springfox\springfox-swagger-common\2.5.0\springfox-swagger-common-2.5.0.jar;D:\maven\maven_lib\org\springframework\hateoas\spring-hateoas\0.18.0.RELEASE\spring-hateoas-0.18.0.RELEASE.jar;D:\maven\maven_lib\org\springframework\plugin\spring-plugin-core\1.2.0.RELEASE\spring-plugin-core-1.2.0.RELEASE.jar;D:\maven\maven_lib\org\springframework\plugin\spring-plugin-metadata\1.2.0.RELEASE\spring-plugin-metadata-1.2.0.RELEASE.jar;D:\maven\maven_lib\io\swagger\swagger-annotations\1.5.3\swagger-annotations-1.5.3.jar;D:\maven\maven_lib\io\swagger\swagger-models\1.5.3\swagger-models-1.5.3.jar;D:\maven\maven_lib\org\aspectj\aspectjrt\1.8.9\aspectjrt-1.8.9.jar;D:\maven\maven_lib\org\aspectj\aspectjweaver\1.8.9\aspectjweaver-1.8.9.jar;D:\maven\maven_lib\com\alibaba\druid\1.1.2\druid-1.1.2.jar;C:\Program Files\Java\jdk1.8.0_131\jre\..\lib\jconsole.jar;C:\Program Files\Java\jdk1.8.0_131\jre\..\lib\tools.jar;D:\maven\maven_lib\com\alibaba\fastjson\1.1.23\fastjson-1.1.23.jar;D:\maven\maven_lib\commons-net\commons-net\3.6\commons-net-3.6.jar;D:\maven\maven_lib\net\sourceforge\htmlunit\htmlunit\2.13\htmlunit-2.13.jar;D:\maven\maven_lib\xalan\xalan\2.7.1\xalan-2.7.1.jar;D:\maven\maven_lib\xalan\serializer\2.7.1\serializer-2.7.1.jar;D:\maven\maven_lib\org\apache\commons\commons-lang3\3.1\commons-lang3-3.1.jar;D:\maven\maven_lib\org\apache\httpcomponents\httpmime\4.3.1\httpmime-4.3.1.jar;D:\maven\maven_lib\net\sourceforge\htmlunit\htmlunit-core-js\2.13\htmlunit-core-js-2.13.jar;D:\maven\maven_lib\net\sourceforge\nekohtml\nekohtml\1.9.19\nekohtml-1.9.19.jar;D:\maven\maven_lib\net\sourceforge\cssparser\cssparser\0.9.11\cssparser-0.9.11.jar;D:\maven\maven_lib\org\w3c\css\sac\1.3\sac-1.3.jar;D:\maven\maven_lib\org\eclipse\jetty\jetty-websocket\8.1.12.v20130726\jetty-websocket-8.1.12.v20130726.jar;D:\maven\maven_lib\org\eclipse\jetty\jetty-util\8.1.12.v20130726\jetty-util-8.1.12.v20130726.jar;D:\maven\maven_lib\org\eclipse\jetty\jetty-io\8.1.12.v20130726\jetty-io-8.1.12.v20130726.jar;D:\maven\maven_lib\org\eclipse\jetty\jetty-http\8.1.12.v20130726\jetty-http-8.1.12.v20130726.jar;D:\maven\maven_lib\xml-apis\xml-apis\1.4.01\xml-apis-1.4.01.jar;D:\maven\maven_lib\org\hibernate\hibernate-validator\5.4.1.Final\hibernate-validator-5.4.1.Final.jar;D:\maven\maven_lib\javax\validation\validation-api\1.1.0.Final\validation-api-1.1.0.Final.jar;D:\maven\maven_lib\org\jboss\logging\jboss-logging\3.3.0.Final\jboss-logging-3.3.0.Final.jar;D:\maven\maven_lib\org\hamcrest\hamcrest-core\1.3\hamcrest-core-1.3.jar;D:\maven\maven_lib\org\springframework\spring-test\3.2.4.RELEASE\spring-test-3.2.4.RELEASE.jar;"/>
    <property name="java.vm.vendor" value="Oracle Corporation"/>
    <property name="sun.arch.data.model" value="64"/>
    <property name="user.variant" value=""/>
    <property name="java.vendor.url" value="http://java.oracle.com/"/>
    <property name="user.timezone" value=""/>
    <property name="java.vm.specification.version" value="1.8"/>
    <property name="os.name" value="Windows 10"/>
    <property name="user.country" value="CN"/>
    <property name="sun.java.launcher" value="SUN_STANDARD"/>
    <property name="sun.boot.library.path" value="C:\Program Files\Java\jdk1.8.0_131\jre\bin"/>
    <property name="sun.java.command" value="C:\Users\ucmed\AppData\Local\Temp\surefire5132648097685742410\surefirebooter1977947913415205798.jar C:\Users\ucmed\AppData\Local\Temp\surefire5132648097685742410 2018-05-11T17-35-31_798-jvmRun1 surefire889410373755833246tmp surefire_04662420872820408037tmp"/>
    <property name="surefire.test.class.path" value="F:\ideaProject\domitory_fiveB_parent\domitory_bbs_pojo\target\test-classes;F:\ideaProject\domitory_fiveB_parent\domitory_bbs_pojo\target\classes;D:\maven\maven_lib\junit\junit\4.11\junit-4.11.jar;D:\maven\maven_lib\javax\servlet\jsp\jstl\jstl\1.2\jstl-1.2.jar;D:\maven\maven_lib\org\json\json\20160212\json-20160212.jar;D:\maven\maven_lib\javax\xml\jaxrpc-api\1.1\jaxrpc-api-1.1.jar;D:\maven\maven_lib\com\hynnet\oracle-driver-ojdbc6\12.1.0.1\oracle-driver-ojdbc6-12.1.0.1.jar;D:\maven\maven_lib\com\baidu\ueditor\ueditor\1.1.3\ueditor-1.1.3.jar;D:\maven\maven_lib\aopalliance\aopalliance\1.0\aopalliance-1.0.jar;D:\maven\maven_lib\axis\axis\1.0\axis-1.0.jar;D:\maven\maven_lib\c3p0\c3p0\0.9.1.2\c3p0-0.9.1.2.jar;D:\maven\maven_lib\commons-beanutils\commons-beanutils\1.8.3\commons-beanutils-1.8.3.jar;D:\maven\maven_lib\commons-beanutils\commons-beanutils-core\1.8.3\commons-beanutils-core-1.8.3.jar;D:\maven\maven_lib\commons-codec\commons-codec\1.9\commons-codec-1.9.jar;D:\maven\maven_lib\commons-collections\commons-collections\3.2.1\commons-collections-3.2.1.jar;D:\maven\maven_lib\commons-configuration\commons-configuration\1.6\commons-configuration-1.6.jar;D:\maven\maven_lib\commons-digester\commons-digester\1.8\commons-digester-1.8.jar;D:\maven\maven_lib\commons-fileupload\commons-fileupload\1.3.1\commons-fileupload-1.3.1.jar;D:\maven\maven_lib\commons-io\commons-io\2.4\commons-io-2.4.jar;D:\maven\maven_lib\commons-lang\commons-lang\2.4\commons-lang-2.4.jar;D:\maven\maven_lib\commons-logging\commons-logging\1.1.1\commons-logging-1.1.1.jar;D:\maven\maven_lib\commons-pool\commons-pool\1.5.7\commons-pool-1.5.7.jar;D:\maven\maven_lib\dom4j\dom4j\1.6.1\dom4j-1.6.1.jar;D:\maven\maven_lib\net\sf\ezmorph\ezmorph\1.0.6\ezmorph-1.0.6.jar;D:\maven\maven_lib\org\apache\httpcomponents\httpclient\4.5.1\httpclient-4.5.1.jar;D:\maven\maven_lib\org\apache\httpcomponents\httpcore\4.4.6\httpcore-4.4.6.jar;D:\maven\maven_lib\com\ibatis\ibatis2-common\2.1.7.597\ibatis2-common-2.1.7.597.jar;D:\maven\maven_lib\jaxen\jaxen\1.1.4\jaxen-1.1.4.jar;D:\maven\maven_lib\jdom\jdom\1.0\jdom-1.0.jar;D:\maven\maven_lib\org\mybatis\mybatis\3.0.4\mybatis-3.0.4.jar;D:\maven\maven_lib\nekohtml\nekohtml\1.9.6.2\nekohtml-1.9.6.2.jar;D:\maven\maven_lib\com\belerweb\pinyin4j\2.5.0\pinyin4j-2.5.0.jar;D:\maven\maven_lib\javax\servlet\servlet-api\2.5\servlet-api-2.5.jar;D:\maven\maven_lib\org\slf4j\slf4j-api\1.7.5\slf4j-api-1.7.5.jar;D:\maven\maven_lib\org\slf4j\slf4j-log4j12\1.6.1\slf4j-log4j12-1.6.1.jar;D:\maven\maven_lib\org\springframework\spring-aop\4.3.0.RELEASE\spring-aop-4.3.0.RELEASE.jar;D:\maven\maven_lib\org\springframework\spring-beans\4.3.0.RELEASE\spring-beans-4.3.0.RELEASE.jar;D:\maven\maven_lib\org\springframework\spring-context\4.3.0.RELEASE\spring-context-4.3.0.RELEASE.jar;D:\maven\maven_lib\org\springframework\spring-core\4.3.0.RELEASE\spring-core-4.3.0.RELEASE.jar;D:\maven\maven_lib\org\springframework\spring-expression\4.3.0.RELEASE\spring-expression-4.3.0.RELEASE.jar;D:\maven\maven_lib\org\springframework\spring-web\4.3.0.RELEASE\spring-web-4.3.0.RELEASE.jar;D:\maven\maven_lib\org\springframework\spring-webmvc\4.3.0.RELEASE\spring-webmvc-4.3.0.RELEASE.jar;D:\maven\maven_lib\org\apache\velocity\velocity\1.7\velocity-1.7.jar;D:\maven\maven_lib\org\apache\velocity\velocity-tools\2.0\velocity-tools-2.0.jar;D:\maven\maven_lib\commons-chain\commons-chain\1.1\commons-chain-1.1.jar;D:\maven\maven_lib\commons-validator\commons-validator\1.3.1\commons-validator-1.3.1.jar;D:\maven\maven_lib\oro\oro\2.0.8\oro-2.0.8.jar;D:\maven\maven_lib\sslext\sslext\1.2-0\sslext-1.2-0.jar;D:\maven\maven_lib\org\apache\struts\struts-core\1.3.8\struts-core-1.3.8.jar;D:\maven\maven_lib\antlr\antlr\2.7.2\antlr-2.7.2.jar;D:\maven\maven_lib\org\apache\struts\struts-taglib\1.3.8\struts-taglib-1.3.8.jar;D:\maven\maven_lib\org\apache\struts\struts-tiles\1.3.8\struts-tiles-1.3.8.jar;D:\maven\maven_lib\xerces\xercesImpl\2.8.1\xercesImpl-2.8.1.jar;D:\maven\maven_lib\com\googlecode\xmemcached\xmemcached\2.0.0\xmemcached-2.0.0.jar;D:\maven\maven_lib\log4j\log4j\1.2.16\log4j-1.2.16.jar;D:\maven\maven_lib\commons-dbcp\commons-dbcp\1.4\commons-dbcp-1.4.jar;D:\maven\maven_lib\org\jpxx\sense\1.0.2\sense-1.0.2.jar;D:\maven\maven_lib\com\ucmed\service\invoker\com.ucmed.service.invoker\1.0.01\com.ucmed.service.invoker-1.0.01.jar;D:\maven\maven_lib\org\jpxx\commons\commons-session\1.0.0\commons-session-1.0.0.jar;D:\maven\maven_lib\org\jpxx\commons\commons-cache\1.0.0.20110619\commons-cache-1.0.0.20110619-20110619.jar;D:\maven\maven_lib\org\slf4j\slf4j-simple\1.6.1\slf4j-simple-1.6.1.jar;D:\maven\maven_lib\com\ucmed\api\logger\com.ucmed.api.logger\1.1\com.ucmed.api.logger-1.1-release.jar;D:\maven\maven_lib\com\ucmed\alias\api\validator\com.ucmed.alias.api.validator\2.1.5\com.ucmed.alias.api.validator-2.1.5.jar;D:\maven\maven_lib\org\jpxx\spc-test\1.0.2\spc-test-1.0.2.jar;D:\maven\maven_lib\org\mybatis\mybatis-spring\1.0.0\mybatis-spring-1.0.0.jar;D:\maven\maven_lib\mysql\mysql-connector-java\5.1.25\mysql-connector-java-5.1.25.jar;D:\maven\maven_lib\org\springframework\spring-context-support\4.3.0.RELEASE\spring-context-support-4.3.0.RELEASE.jar;D:\maven\maven_lib\org\springframework\spring-jdbc\4.3.0.RELEASE\spring-jdbc-4.3.0.RELEASE.jar;D:\maven\maven_lib\org\springframework\spring-tx\4.3.0.RELEASE\spring-tx-4.3.0.RELEASE.jar;D:\maven\maven_lib\org\springframework\spring-orm\4.3.0.RELEASE\spring-orm-4.3.0.RELEASE.jar;D:\maven\maven_lib\com\ucmed\hospital\hospital-common-interface-1.0.0\1.0.0\hospital-common-interface-1.0.0-1.0.0.jar;D:\maven\maven_lib\com\ucmed\sms-client\1.0.0\sms-client-1.0.0.jar;D:\maven\maven_lib\org\scala-lang\scala-library\2.11.7\scala-library-2.11.7.jar;D:\maven\maven_lib\net\sf\json-lib\json-lib\2.4\json-lib-2.4-jdk15.jar;D:\maven\maven_lib\com\ucmed\adapter\xml-parser\1.3.2\xml-parser-1.3.2.jar;D:\maven\maven_lib\org\mongodb\mongo-java-driver\2.9.3\mongo-java-driver-2.9.3.jar;D:\maven\maven_lib\com\ucmed\redirect\com.ucmed.redirect\1.0.2\com.ucmed.redirect-1.0.2.jar;D:\maven\maven_lib\cn\ucmed\transfer\1.0.8\transfer-1.0.8.jar;D:\maven\maven_lib\cn\ucmed\rubik-common\1.1.14\rubik-common-1.1.14.jar;D:\maven\maven_lib\ma\glasnost\orika\orika-core\1.4.6\orika-core-1.4.6.jar;D:\maven\maven_lib\org\javassist\javassist\3.19.0-GA\javassist-3.19.0-GA.jar;D:\maven\maven_lib\com\thoughtworks\paranamer\paranamer\2.7\paranamer-2.7.jar;D:\maven\maven_lib\com\googlecode\concurrentlinkedhashmap\concurrentlinkedhashmap-lru\1.2_jdk5\concurrentlinkedhashmap-lru-1.2_jdk5.jar;D:\maven\maven_lib\com\carrotsearch\java-sizeof\0.0.4\java-sizeof-0.0.4.jar;D:\maven\maven_lib\tk\mybatis\mapper\3.3.8\mapper-3.3.8.jar;D:\maven\maven_lib\org\apache\shiro\shiro-core\1.2.2\shiro-core-1.2.2.jar;D:\maven\maven_lib\org\springframework\data\spring-data-jpa\1.9.4.RELEASE\spring-data-jpa-1.9.4.RELEASE.jar;D:\maven\maven_lib\org\springframework\data\spring-data-commons\1.11.4.RELEASE\spring-data-commons-1.11.4.RELEASE.jar;D:\maven\maven_lib\org\slf4j\jcl-over-slf4j\1.7.13\jcl-over-slf4j-1.7.13.jar;D:\maven\maven_lib\com\github\pagehelper\pagehelper\4.1.3\pagehelper-4.1.3.jar;D:\maven\maven_lib\com\github\jsqlparser\jsqlparser\0.9.4\jsqlparser-0.9.4.jar;D:\maven\maven_lib\cn\ucmed\webservice\1.1.6\webservice-1.1.6.jar;D:\maven\maven_lib\org\apache\zookeeper\zookeeper\3.4.8\zookeeper-3.4.8.jar;D:\maven\maven_lib\jline\jline\0.9.94\jline-0.9.94.jar;D:\maven\maven_lib\io\netty\netty\3.7.0.Final\netty-3.7.0.Final.jar;D:\maven\maven_lib\com\github\sgroschupf\zkclient\0.1\zkclient-0.1.jar;D:\maven\maven_lib\cn\ucmed\general-transfer\1.0.1\general-transfer-1.0.1.jar;D:\maven\maven_lib\javax\persistence\persistence-api\1.0\persistence-api-1.0.jar;D:\maven\maven_lib\com\fasterxml\classmate\1.2.0\classmate-1.2.0.jar;D:\maven\maven_lib\com\google\guava\guava\20.0-hal\guava-20.0-hal.jar;D:\maven\maven_lib\com\fasterxml\jackson\core\jackson-annotations\2.8.4\jackson-annotations-2.8.4.jar;D:\maven\maven_lib\com\fasterxml\jackson\core\jackson-core\2.5.3\jackson-core-2.5.3.jar;D:\maven\maven_lib\com\fasterxml\jackson\core\jackson-databind\2.5.3\jackson-databind-2.5.3.jar;D:\maven\maven_lib\org\mapstruct\mapstruct\1.0.0.CR1\mapstruct-1.0.0.CR1.jar;D:\maven\maven_lib\io\springfox\springfox-core\2.5.0\springfox-core-2.5.0.jar;D:\maven\maven_lib\io\springfox\springfox-schema\2.5.0\springfox-schema-2.5.0.jar;D:\maven\maven_lib\io\springfox\springfox-spi\2.5.0\springfox-spi-2.5.0.jar;D:\maven\maven_lib\io\springfox\springfox-spring-web\2.5.0\springfox-spring-web-2.5.0.jar;D:\maven\maven_lib\io\springfox\springfox-swagger2\2.5.0\springfox-swagger2-2.5.0.jar;D:\maven\maven_lib\io\springfox\springfox-swagger-common\2.5.0\springfox-swagger-common-2.5.0.jar;D:\maven\maven_lib\org\springframework\hateoas\spring-hateoas\0.18.0.RELEASE\spring-hateoas-0.18.0.RELEASE.jar;D:\maven\maven_lib\org\springframework\plugin\spring-plugin-core\1.2.0.RELEASE\spring-plugin-core-1.2.0.RELEASE.jar;D:\maven\maven_lib\org\springframework\plugin\spring-plugin-metadata\1.2.0.RELEASE\spring-plugin-metadata-1.2.0.RELEASE.jar;D:\maven\maven_lib\io\swagger\swagger-annotations\1.5.3\swagger-annotations-1.5.3.jar;D:\maven\maven_lib\io\swagger\swagger-models\1.5.3\swagger-models-1.5.3.jar;D:\maven\maven_lib\org\aspectj\aspectjrt\1.8.9\aspectjrt-1.8.9.jar;D:\maven\maven_lib\org\aspectj\aspectjweaver\1.8.9\aspectjweaver-1.8.9.jar;D:\maven\maven_lib\com\alibaba\druid\1.1.2\druid-1.1.2.jar;C:\Program Files\Java\jdk1.8.0_131\jre\..\lib\jconsole.jar;C:\Program Files\Java\jdk1.8.0_131\jre\..\lib\tools.jar;D:\maven\maven_lib\com\alibaba\fastjson\1.1.23\fastjson-1.1.23.jar;D:\maven\maven_lib\commons-net\commons-net\3.6\commons-net-3.6.jar;D:\maven\maven_lib\net\sourceforge\htmlunit\htmlunit\2.13\htmlunit-2.13.jar;D:\maven\maven_lib\xalan\xalan\2.7.1\xalan-2.7.1.jar;D:\maven\maven_lib\xalan\serializer\2.7.1\serializer-2.7.1.jar;D:\maven\maven_lib\org\apache\commons\commons-lang3\3.1\commons-lang3-3.1.jar;D:\maven\maven_lib\org\apache\httpcomponents\httpmime\4.3.1\httpmime-4.3.1.jar;D:\maven\maven_lib\net\sourceforge\htmlunit\htmlunit-core-js\2.13\htmlunit-core-js-2.13.jar;D:\maven\maven_lib\net\sourceforge\nekohtml\nekohtml\1.9.19\nekohtml-1.9.19.jar;D:\maven\maven_lib\net\sourceforge\cssparser\cssparser\0.9.11\cssparser-0.9.11.jar;D:\maven\maven_lib\org\w3c\css\sac\1.3\sac-1.3.jar;D:\maven\maven_lib\org\eclipse\jetty\jetty-websocket\8.1.12.v20130726\jetty-websocket-8.1.12.v20130726.jar;D:\maven\maven_lib\org\eclipse\jetty\jetty-util\8.1.12.v20130726\jetty-util-8.1.12.v20130726.jar;D:\maven\maven_lib\org\eclipse\jetty\jetty-io\8.1.12.v20130726\jetty-io-8.1.12.v20130726.jar;D:\maven\maven_lib\org\eclipse\jetty\jetty-http\8.1.12.v20130726\jetty-http-8.1.12.v20130726.jar;D:\maven\maven_lib\xml-apis\xml-apis\1.4.01\xml-apis-1.4.01.jar;D:\maven\maven_lib\org\hibernate\hibernate-validator\5.4.1.Final\hibernate-validator-5.4.1.Final.jar;D:\maven\maven_lib\javax\validation\validation-api\1.1.0.Final\validation-api-1.1.0.Final.jar;D:\maven\maven_lib\org\jboss\logging\jboss-logging\3.3.0.Final\jboss-logging-3.3.0.Final.jar;D:\maven\maven_lib\org\hamcrest\hamcrest-core\1.3\hamcrest-core-1.3.jar;D:\maven\maven_lib\org\springframework\spring-test\3.2.4.RELEASE\spring-test-3.2.4.RELEASE.jar;"/>
    <property name="sun.cpu.endian" value="little"/>
    <property name="user.home" value="C:\Users\ucmed"/>
    <property name="user.language" value="zh"/>
    <property name="java.specification.vendor" value="Oracle Corporation"/>
    <property name="java.home" value="C:\Program Files\Java\jdk1.8.0_131\jre"/>
    <property name="basedir" value="F:\ideaProject\domitory_fiveB_parent\domitory_bbs_pojo"/>
    <property name="file.separator" value="\"/>
    <property name="line.separator" value="&#10;"/>
    <property name="java.vm.specification.vendor" value="Oracle Corporation"/>
    <property name="java.specification.name" value="Java Platform API Specification"/>
    <property name="java.awt.graphicsenv" value="sun.awt.Win32GraphicsEnvironment"/>
    <property name="surefire.real.class.path" value="C:\Users\ucmed\AppData\Local\Temp\surefire5132648097685742410\surefirebooter1977947913415205798.jar"/>
    <property name="sun.boot.class.path" value="C:\Program Files\Java\jdk1.8.0_131\jre\lib\resources.jar;C:\Program Files\Java\jdk1.8.0_131\jre\lib\rt.jar;C:\Program Files\Java\jdk1.8.0_131\jre\lib\sunrsasign.jar;C:\Program Files\Java\jdk1.8.0_131\jre\lib\jsse.jar;C:\Program Files\Java\jdk1.8.0_131\jre\lib\jce.jar;C:\Program Files\Java\jdk1.8.0_131\jre\lib\charsets.jar;C:\Program Files\Java\jdk1.8.0_131\jre\lib\jfr.jar;C:\Program Files\Java\jdk1.8.0_131\jre\classes"/>
    <property name="user.script" value=""/>
    <property name="sun.management.compiler" value="HotSpot 64-Bit Tiered Compilers"/>
    <property name="java.runtime.version" value="1.8.0_131-b11"/>
    <property name="user.name" value="ucmed"/>
    <property name="path.separator" value=";"/>
    <property name="os.version" value="10.0"/>
    <property name="java.endorsed.dirs" value="C:\Program Files\Java\jdk1.8.0_131\jre\lib\endorsed"/>
    <property name="java.runtime.name" value="Java(TM) SE Runtime Environment"/>
    <property name="file.encoding" value="GBK"/>
    <property name="java.vm.name" value="Java HotSpot(TM) 64-Bit Server VM"/>
    <property name="localRepository" value="D:\maven\maven_lib"/>
    <property name="java.vendor.url.bug" value="http://bugreport.sun.com/bugreport/"/>
    <property name="java.io.tmpdir" value="C:\Users\ucmed\AppData\Local\Temp\"/>
    <property name="idea.version" value="15.0.3"/>
    <property name="java.version" value="1.8.0_131"/>
    <property name="user.dir" value="F:\ideaProject\domitory_fiveB_parent\domitory_bbs_pojo"/>
    <property name="os.arch" value="amd64"/>
    <property name="java.vm.specification.name" value="Java Virtual Machine Specification"/>
    <property name="java.awt.printerjob" value="sun.awt.windows.WPrinterJob"/>
    <property name="sun.os.patch.level" value=""/>
    <property name="java.library.path" value="C:\Program Files\Java\jdk1.8.0_131\jre\bin;C:\Windows\Sun\Java\bin;C:\Windows\system32;C:\Windows;D:\maven\apache-maven-3.3.1\bin;C:\Windows\system32;C:\Windows;C:\Windows\System32\Wbem;C:\Windows\System32\WindowsPowerShell\v1.0\;C:\Program Files\SourceGear\Common\DiffMerge\;F:\cxf\apache-cxf-2.7.11\bin;D:\sonar;C:\Program Files (x86)\MSBuild\14.0\Bin;C:\Users\ucmed\AppData\Local\Microsoft\WindowsApps;F:\sonarqube\sonar-scanner-3.0.3.778-windows\bin;C:\Program Files\Java\jdk1.8.0_131\bin;;D:\Program Files (x86)\Microsoft VS Code\bin;."/>
    <property name="java.vm.info" value="mixed mode"/>
    <property name="java.vendor" value="Oracle Corporation"/>
    <property name="java.vm.version" value="25.131-b11"/>
    <property name="java.ext.dirs" value="C:\Program Files\Java\jdk1.8.0_131\jre\lib\ext;C:\Windows\Sun\Java\lib\ext"/>
    <property name="sun.io.unicode.encoding" value="UnicodeLittle"/>
    <property name="maven.repo.local" value="D:\maven\maven_lib"/>
    <property name="java.class.version" value="52.0"/>
  </properties>
  <testcase name="shouldAnswerWithTrue" classname="com.bbs.dormitory.AppTest" time="0.002"/>
</testsuite>